<?xml version="1.0" encoding="UTF-8"?>
<!-- Generated by org.testng.reporters.JUnitReportReporter -->
<testsuite hostname="MISHRA" failures="0" tests="1" name="transsoft_UsermoduleRestaurant.CreaterestaurantPlacedOrderTest" time="6.112" errors="0" timestamp="2023-07-12T15:07:41 IST" skipped="0">
  <testcase classname="transsoft_UsermoduleRestaurant.CreaterestaurantPlacedOrderTest" name="createrestaurantPlacedOrder" time="6.112"/>
  <system-out>
    <![CDATA[order has been placed under all order section dante003
newly added dishes count will be= 232
Total Orders]]>
  </system-out>
</testsuite> <!-- transsoft_UsermoduleRestaurant.CreaterestaurantPlacedOrderTest -->
